<?xml version="1.0" encoding="UTF-8"?>
<!-- Generated by org.testng.reporters.JUnitReportReporter -->
<testsuite hostname="LAPTOP-90N2ID6M" failures="0" tests="3" name="how_to_access_properties_file.Properties_Test" time="15.820" errors="0" timestamp="2022-11-29T16:45:23 IST" skipped="0">
  <testcase classname="how_to_access_properties_file.Properties_Test" name="login" time="4.894"/>
  <system-out/>
  <testcase classname="how_to_access_properties_file.Properties_Test" name="lead_data_dataprovider" time="5.631"/>
  <system-out/>
  <testcase classname="how_to_access_properties_file.Properties_Test" name="lead_data_dataprovider" time="5.295"/>
  <system-out/>
</testsuite> <!-- how_to_access_properties_file.Properties_Test -->
